# JRE version: Java(TM) SE Runtime Environment (8.0_91-b15) (build 1.8.0_91-b15)
# Java VM: Java HotSpot(TM) 64-Bit Server VM (25.91-b15 mixed mode windows-amd64 compressed oops)
Heap:
 PSYoungGen      total 110592K, used 100138K [0x00000000d5d00000, 0x00000000dd600000, 0x0000000100000000)
  eden space 99328K, 90% used [0x00000000d5d00000,0x00000000db51f9b8,0x00000000dbe00000)
  from space 11264K, 87% used [0x00000000dca00000,0x00000000dd3ab238,0x00000000dd500000)
  to   space 12288K, 0% used [0x00000000dbe00000,0x00000000dbe00000,0x00000000dca00000)
 ParOldGen       total 59904K, used 12956K [0x0000000081600000, 0x0000000085080000, 0x00000000d5d00000)
  object space 59904K, 21% used [0x0000000081600000,0x00000000822a70d0,0x0000000085080000)
 Metaspace       used 33241K, capacity 34594K, committed 34944K, reserved 1079296K
  class space    used 4375K, capacity 4613K, committed 4736K, reserved 1048576K
GC Heap History (10 events):
Event: 3.516 GC heap before
{Heap before GC invocations=3 (full 0):
 PSYoungGen      total 38400K, used 38374K [0x00000000d5d00000, 0x00000000d8780000, 0x0000000100000000)
  eden space 33280K, 100% used [0x00000000d5d00000,0x00000000d7d80000,0x00000000d7d80000)
  from space 5120K, 99% used [0x00000000d8280000,0x00000000d8779a10,0x00000000d8780000)
  to   space 5120K, 0% used [0x00000000d7d80000,0x00000000d7d80000,0x00000000d8280000)
 ParOldGen       total 87552K, used 493K [0x0000000081600000, 0x0000000086b80000, 0x00000000d5d00000)
  object space 87552K, 0% used [0x0000000081600000,0x000000008167b420,0x0000000086b80000)
 Metaspace       used 17391K, capacity 17914K, committed 18176K, reserved 1064960K
  class space    used 2300K, capacity 2455K, committed 2560K, reserved 1048576K
Event: 3.528 GC heap after
Heap after GC invocations=3 (full 0):
 PSYoungGen      total 38400K, used 5099K [0x00000000d5d00000, 0x00000000da800000, 0x0000000100000000)
  eden space 33280K, 0% used [0x00000000d5d00000,0x00000000d5d00000,0x00000000d7d80000)
  from space 5120K, 99% used [0x00000000d7d80000,0x00000000d827adc8,0x00000000d8280000)
  to   space 5120K, 0% used [0x00000000da300000,0x00000000da300000,0x00000000da800000)
 ParOldGen       total 87552K, used 2228K [0x0000000081600000, 0x0000000086b80000, 0x00000000d5d00000)
  object space 87552K, 2% used [0x0000000081600000,0x000000008182d048,0x0000000086b80000)
 Metaspace       used 17391K, capacity 17914K, committed 18176K, reserved 1064960K
  class space    used 2300K, capacity 2455K, committed 2560K, reserved 1048576K
}
Event: 4.095 GC heap before
{Heap before GC invocations=4 (full 0):
 PSYoungGen      total 38400K, used 37169K [0x00000000d5d00000, 0x00000000da800000, 0x0000000100000000)
  eden space 33280K, 96% used [0x00000000d5d00000,0x00000000d7c51938,0x00000000d7d80000)
  from space 5120K, 99% used [0x00000000d7d80000,0x00000000d827adc8,0x00000000d8280000)
  to   space 5120K, 0% used [0x00000000da300000,0x00000000da300000,0x00000000da800000)
 ParOldGen       total 87552K, used 2228K [0x0000000081600000, 0x0000000086b80000, 0x00000000d5d00000)
  object space 87552K, 2% used [0x0000000081600000,0x000000008182d048,0x0000000086b80000)
 Metaspace       used 20637K, capacity 21220K, committed 21248K, reserved 1067008K
  class space    used 2661K, capacity 2800K, committed 2816K, reserved 1048576K
Event: 4.107 GC heap after
Heap after GC invocations=4 (full 0):
 PSYoungGen      total 71680K, used 5110K [0x00000000d5d00000, 0x00000000da800000, 0x0000000100000000)
  eden space 66560K, 0% used [0x00000000d5d00000,0x00000000d5d00000,0x00000000d9e00000)
  from space 5120K, 99% used [0x00000000da300000,0x00000000da7fd9a8,0x00000000da800000)
  to   space 5120K, 0% used [0x00000000d9e00000,0x00000000d9e00000,0x00000000da300000)
 ParOldGen       total 87552K, used 4832K [0x0000000081600000, 0x0000000086b80000, 0x00000000d5d00000)
  object space 87552K, 5% used [0x0000000081600000,0x0000000081ab8238,0x0000000086b80000)
 Metaspace       used 20637K, capacity 21220K, committed 21248K, reserved 1067008K
  class space    used 2661K, capacity 2800K, committed 2816K, reserved 1048576K
}
Event: 4.107 GC heap before
{Heap before GC invocations=5 (full 1):
 PSYoungGen      total 71680K, used 5110K [0x00000000d5d00000, 0x00000000da800000, 0x0000000100000000)
  eden space 66560K, 0% used [0x00000000d5d00000,0x00000000d5d00000,0x00000000d9e00000)
  from space 5120K, 99% used [0x00000000da300000,0x00000000da7fd9a8,0x00000000da800000)
  to   space 5120K, 0% used [0x00000000d9e00000,0x00000000d9e00000,0x00000000da300000)
 ParOldGen       total 87552K, used 4832K [0x0000000081600000, 0x0000000086b80000, 0x00000000d5d00000)
  object space 87552K, 5% used [0x0000000081600000,0x0000000081ab8238,0x0000000086b80000)
 Metaspace       used 20637K, capacity 21220K, committed 21248K, reserved 1067008K
  class space    used 2661K, capacity 2800K, committed 2816K, reserved 1048576K
Event: 4.161 GC heap after
Heap after GC invocations=5 (full 1):
 PSYoungGen      total 71680K, used 0K [0x00000000d5d00000, 0x00000000da800000, 0x0000000100000000)
  eden space 66560K, 0% used [0x00000000d5d00000,0x00000000d5d00000,0x00000000d9e00000)
  from space 5120K, 0% used [0x00000000da300000,0x00000000da300000,0x00000000da800000)
  to   space 5120K, 0% used [0x00000000d9e00000,0x00000000d9e00000,0x00000000da300000)
 ParOldGen       total 59904K, used 7499K [0x0000000081600000, 0x0000000085080000, 0x00000000d5d00000)
  object space 59904K, 12% used [0x0000000081600000,0x0000000081d52eb8,0x0000000085080000)
 Metaspace       used 20637K, capacity 21220K, committed 21248K, reserved 1067008K
  class space    used 2661K, capacity 2800K, committed 2816K, reserved 1048576K
}
Event: 5.977 GC heap before
{Heap before GC invocations=6 (full 1):
 PSYoungGen      total 71680K, used 66560K [0x00000000d5d00000, 0x00000000da800000, 0x0000000100000000)
  eden space 66560K, 100% used [0x00000000d5d00000,0x00000000d9e00000,0x00000000d9e00000)
  from space 5120K, 0% used [0x00000000da300000,0x00000000da300000,0x00000000da800000)
  to   space 5120K, 0% used [0x00000000d9e00000,0x00000000d9e00000,0x00000000da300000)
 ParOldGen       total 59904K, used 7507K [0x0000000081600000, 0x0000000085080000, 0x00000000d5d00000)
  object space 59904K, 12% used [0x0000000081600000,0x0000000081d54cd0,0x0000000085080000)
 Metaspace       used 27154K, capacity 27952K, committed 28160K, reserved 1073152K
  class space    used 3519K, capacity 3732K, committed 3840K, reserved 1048576K
Event: 5.995 GC heap after
Heap after GC invocations=6 (full 1):
 PSYoungGen      total 71680K, used 5112K [0x00000000d5d00000, 0x00000000dd500000, 0x0000000100000000)
  eden space 66560K, 0% used [0x00000000d5d00000,0x00000000d5d00000,0x00000000d9e00000)
  from space 5120K, 99% used [0x00000000d9e00000,0x00000000da2fe300,0x00000000da300000)
  to   space 11264K, 0% used [0x00000000dca00000,0x00000000dca00000,0x00000000dd500000)
 ParOldGen       total 59904K, used 12948K [0x0000000081600000, 0x0000000085080000, 0x00000000d5d00000)
  object space 59904K, 21% used [0x0000000081600000,0x00000000822a50d0,0x0000000085080000)
 Metaspace       used 27154K, capacity 27952K, committed 28160K, reserved 1073152K
  class space    used 3519K, capacity 3732K, committed 3840K, reserved 1048576K
}
Event: 7.823 GC heap before
{Heap before GC invocations=7 (full 1):
 PSYoungGen      total 71680K, used 71672K [0x00000000d5d00000, 0x00000000dd500000, 0x0000000100000000)
  eden space 66560K, 100% used [0x00000000d5d00000,0x00000000d9e00000,0x00000000d9e00000)
  from space 5120K, 99% used [0x00000000d9e00000,0x00000000da2fe300,0x00000000da300000)
  to   space 11264K, 0% used [0x00000000dca00000,0x00000000dca00000,0x00000000dd500000)
 ParOldGen       total 59904K, used 12948K [0x0000000081600000, 0x0000000085080000, 0x00000000d5d00000)
  object space 59904K, 21% used [0x0000000081600000,0x00000000822a50d0,0x0000000085080000)
 Metaspace       used 29706K, capacity 30850K, committed 31104K, reserved 1077248K
  class space    used 3881K, capacity 4109K, committed 4224K, reserved 1048576K
Event: 7.844 GC heap after
Heap after GC invocations=7 (full 1):
 PSYoungGen      total 110592K, used 9900K [0x00000000d5d00000, 0x00000000dd600000, 0x0000000100000000)
  eden space 99328K, 0% used [0x00000000d5d00000,0x00000000d5d00000,0x00000000dbe00000)
  from space 11264K, 87% used [0x00000000dca00000,0x00000000dd3ab238,0x00000000dd500000)
  to   space 12288K, 0% used [0x00000000dbe00000,0x00000000dbe00000,0x00000000dca00000)
 ParOldGen       total 59904K, used 12956K [0x0000000081600000, 0x0000000085080000, 0x00000000d5d00000)
  object space 59904K, 21% used [0x0000000081600000,0x00000000822a70d0,0x0000000085080000)
 Metaspace       used 29706K, capacity 30850K, committed 31104K, reserved 1077248K
  class space    used 3881K, capacity 4109K, committed 4224K, reserved 1048576K
}

